<?xml version="1.0" encoding="UTF-8"?>
<testng-results ignored="0" total="1" passed="1" failed="0" skipped="0">
  <reporter-output>
  </reporter-output>
  <suite started-at="2026-05-23T22:55:25 WIB" name="Surefire suite" finished-at="2026-05-23T22:55:33 WIB" duration-ms="7784">
    <groups>
    </groups>
    <test started-at="2026-05-23T22:55:25 WIB" name="Surefire test" finished-at="2026-05-23T22:55:33 WIB" duration-ms="7784">
      <class name="tests.PersonAPITest">
        <test-method signature="verifyPersonAPI()[pri:0, instance:tests.PersonAPITest@14a2f921]" started-at="2026-05-23T22:55:25 WIB" name="verifyPersonAPI" finished-at="2026-05-23T22:55:33 WIB" duration-ms="7719" status="PASS">
          <reporter-output>
          </reporter-output>
        </test-method> <!-- verifyPersonAPI -->
      </class> <!-- tests.PersonAPITest -->
    </test> <!-- Surefire test -->
  </suite> <!-- Surefire suite -->
</testng-results>
